#
# A fatal error has been detected by the Java Runtime Environment:
#
#  SIGSEGV (0xb) at pc=0x00007fd2928f323b, pid=14908, tid=140542341191424
#
# JRE version: 6.0_45-b06
# Java VM: Java HotSpot(TM) 64-Bit Server VM (20.45-b01 mixed mode linux-amd64 compressed oops)
# Problematic frame:
# V  [libjvm.so+0x76323b]  PSPromotionManager::copy_to_survivor_space(oopDesc*)+0x5b
#
# If you would like to submit a bug report, please visit:
#   http://java.sun.com/webapps/bugreport/crash.jsp
#

---------------  T H R E A D  ---------------

Current thread (0x00007fd28c01f000):  GCTaskThread [stack: 0x00007fd290429000,0x00007fd29052a000] [id=14914]

siginfo:si_signo=SIGSEGV: si_errno=0, si_code=1 (SEGV_MAPERR), si_addr=0x0000000000000020

Registers:
RAX=0x0000000000000001, RBX=0x00007fd292c36300, RCX=0x0000000000000003, RDX=0x0000000000000008
RSP=0x00007fd290528860, RBP=0x00007fd2905288d0, RSI=0x00007fd292c197b0, RDI=0x0000000000000018
R8 =0x0000000000000045, R9 =0x0000000000000045, R10=0x00000007fe35a4f5, R11=0x00007fd288e069c8
R12=0x00000007db60f3a0, R13=0x00000000006f0070, R14=0x0000000000000000, R15=0x0000000000000000
RIP=0x00007fd2928f323b, EFLAGS=0x0000000000010202, CSGSFS=0x0000000000000033, ERR=0x0000000000000004
  TRAPNO=0x000000000000000e

Top of Stack: (sp=0x00007fd290528860)
0x00007fd290528860:   00007fd290528880 00007fd29264c713
0x00007fd290528870:   00000007fe2cc158 00000007fe2cc15c
0x00007fd290528880:   00007fd28c062290 0000000000000015
0x00007fd290528890:   00000007fe354fc0 0000000000001000
0x00007fd2905288a0:   0000000000000037 00000007fe35a4f4
0x00007fd2905288b0:   00007fd292c36300 00007fd28c062310
0x00007fd2905288c0:   0000000000000000 0000000000000000
0x00007fd2905288d0:   00007fd2905288f0 00007fd2928f3c3d
0x00007fd2905288e0:   00007fd28c062290 00007fd28c0622f8
0x00007fd2905288f0:   00007fd290528930 00007fd2928f3161
0x00007fd290528900:   00000007fe35a4f5 00007fd292c2c030
0x00007fd290528910:   000000000000000c 00007fd290d86b3e
0x00007fd290528920:   00000000000010f1 0000000000000042
0x00007fd290528930:   00007fd2905289b0 00007fd2924ba8ba
0x00007fd290528940:   00007fd290528970 0000000706367a80
0x00007fd290528950:   00007fd290d86b3d 00007fd290d86b3d
0x00007fd290528960:   00007fd290d88ffe 00007fd28c062290
0x00007fd290528970:   00000007067ffdc0 00007fd28c0168b0
0x00007fd290528980:   00007fd28c0146f0 00007fd28c022f80
0x00007fd290528990:   00007fd28c062290 00007fd28c01f000
0x00007fd2905289a0:   00007fd292a63180 0000000000000000
0x00007fd2905289b0:   00007fd2905289d0 00007fd2928f64c7
0x00007fd2905289c0:   00007fd292c19ea4 00007fd28c022f80
0x00007fd2905289d0:   00007fd290528ad0 00007fd2925f8a9a
0x00007fd2905289e0:   00007fd290528a20 00007fd2905289f8
0x00007fd2905289f0:   00007fd292c34ee0 0000000000000000
0x00007fd290528a00:   00007fd28c01f290 00007fd28c01f2c0
0x00007fd290528a10:   00007fd28c01f2d0 00007fd28c01f6a8
0x00007fd290528a20:   00007fd28c01f000 00007fd28c01f6b0
0x00007fd290528a30:   00007fd28c01f6e0 00007fd28c01f6f0
0x00007fd290528a40:   00007fd28c01fac8 00007fd290528a70
0x00007fd290528a50:   00007fd28c01f290 00007fd28c01f2c0 

Instructions: (pc=0x00007fd2928f323b)
0x00007fd2928f321b:   00 0f 84 06 07 00 00 48 8b 1d af b2 46 00 41 8b
0x00007fd2928f322b:   54 24 08 8b 4b 08 48 d3 e2 48 03 13 48 8d 7a 10
0x00007fd2928f323b:   8b 5f 08 89 d8 c1 f8 03 85 db 0f 8e 7d 06 00 00
0x00007fd2928f324b:   45 89 ea 4c 63 f8 41 83 f2 01 41 83 e2 01 45 84 

Register to memory mapping:

RAX=0x0000000000000001 is an unknown value
RBX=0x00007fd292c36300: <offset 0xaa6300> in /usr/lib/jvm/java-6-oracle/jre/lib/amd64/server/libjvm.so at 0x00007fd292190000
RCX=0x0000000000000003 is an unknown value
RDX=0x0000000000000008 is an unknown value
RSP=0x00007fd290528860 is an unknown value
RBP=0x00007fd2905288d0 is an unknown value
RSI=0x00007fd292c197b0: <offset 0xa897b0> in /usr/lib/jvm/java-6-oracle/jre/lib/amd64/server/libjvm.so at 0x00007fd292190000
RDI=0x0000000000000018 is an unknown value
R8 =0x0000000000000045 is an unknown value
R9 =0x0000000000000045 is an unknown value
R10=0x00000007fe35a4f5 is an unknown value
R11=0x00007fd288e069c8 is an unknown value
R12=0x00000007db60f3a0 is an unknown value
R13=0x00000000006f0070 is an unknown value
R14=0x0000000000000000 is an unknown value
R15=0x0000000000000000 is an unknown value


Stack: [0x00007fd290429000,0x00007fd29052a000],  sp=0x00007fd290528860,  free space=1022k
Native frames: (J=compiled Java code, j=interpreted, Vv=VM code, C=native code)
V  [libjvm.so+0x76323b]  PSPromotionManager::copy_to_survivor_space(oopDesc*)+0x5b
V  [libjvm.so+0x763c3d]  void PSScavenge::copy_and_push_safe_barrier<unsigned>(PSPromotionManager*, unsigned*)+0xcd
V  [libjvm.so+0x763161]  PSPromotionManager::drain_stacks_depth(bool)+0x191
V  [libjvm.so+0x32a8ba]  CardTableExtension::scavenge_contents(ObjectStartArray*, MutableSpace*, HeapWord*, PSPromotionManager*)+0x22a
V  [libjvm.so+0x7664c7]  SerialOldToYoungRootsTask::do_it(GCTaskManager*, unsigned)+0x47
V  [libjvm.so+0x468a9a]  GCTaskThread::run()+0x16a
V  [libjvm.so+0x712eef]  java_start(Thread*)+0x13f


---------------  P R O C E S S  ---------------

Java Threads: ( => current thread )
  0x00007fd28c0c0800 JavaThread "Monitor Ctrl-Break" daemon [_thread_in_native, id=14924, stack(0x00007fd263afb000,0x00007fd263bfc000)]
  0x00007fd28c090800 JavaThread "Low Memory Detector" daemon [_thread_blocked, id=14922, stack(0x00007fd263eff000,0x00007fd264000000)]
  0x00007fd28c08e000 JavaThread "C2 CompilerThread1" daemon [_thread_blocked, id=14921, stack(0x00007fd288015000,0x00007fd288116000)]
  0x00007fd28c08b800 JavaThread "C2 CompilerThread0" daemon [_thread_blocked, id=14920, stack(0x00007fd288116000,0x00007fd288217000)]
  0x00007fd28c089000 JavaThread "Signal Dispatcher" daemon [_thread_blocked, id=14919, stack(0x00007fd288217000,0x00007fd288318000)]
  0x00007fd28c06c800 JavaThread "Finalizer" daemon [_thread_blocked, id=14917, stack(0x00007fd2889fa000,0x00007fd288afb000)]
  0x00007fd28c06b000 JavaThread "Reference Handler" daemon [_thread_blocked, id=14916, stack(0x00007fd288afb000,0x00007fd288bfc000)]
  0x00007fd28c006800 JavaThread "main" [_thread_blocked, id=14910, stack(0x00007fd291d8a000,0x00007fd291e8b000)]

Other Threads:
  0x00007fd28c064000 VMThread [stack: 0x00007fd288bfc000,0x00007fd288cfd000] [id=14915]
  0x00007fd28c0a3000 WatcherThread [stack: 0x00007fd263dfe000,0x00007fd263eff000] [id=14923]

=>0x00007fd28c01f000 (exited) GCTaskThread [stack: 0x00007fd290429000,0x00007fd29052a000] [id=14914]

VM state:at safepoint (normal execution)

VM Mutex/Monitor currently owned by a thread:  ([mutex/lock_event])
[0x00007fd28c004e60] Threads_lock - owner thread: 0x00007fd28c064000
[0x00007fd28c005360] Heap_lock - owner thread: 0x00007fd28c006800

Heap
 PSYoungGen      total 1294848K, used 535464K [0x00000007acd60000, 0x0000000800000000, 0x0000000800000000)
  eden space 1267968K, 40% used [0x00000007acd60000,0x00000007cbe11c30,0x00000007fa3a0000)
  from space 26880K, 99% used [0x00000007fa3a0000,0x00000007fbdd8790,0x00000007fbde0000)
  to   space 47936K, 47% used [0x00000007fd130000,0x00000007fe78a428,0x0000000800000000)
 PSOldGen        total 343360K, used 52437K [0x0000000706800000, 0x000000071b750000, 0x00000007acd60000)
  object space 343360K, 15% used [0x0000000706800000,0x0000000709b35480,0x000000071b750000)
 PSPermGen       total 83968K, used 83967K [0x0000000701600000, 0x0000000706800000, 0x0000000706800000)
  object space 83968K, 99% used [0x0000000701600000,0x00000007067ffdc0,0x0000000706800000)

Code Cache  [0x00007fd289000000, 0x00007fd289c40000, 0x00007fd28c000000)
 total_blobs=2492 nmethods=2132 adapters=312 free_code_cache=40804736 largest_free_block=228224

Dynamic libraries:
40000000-40009000 r-xp 00000000 08:04 4861482                            /usr/lib/jvm/java-6-oracle/bin/java
40108000-4010a000 rwxp 00008000 08:04 4861482                            /usr/lib/jvm/java-6-oracle/bin/java
4126a000-4128b000 rwxp 00000000 00:00 0                                  [heap]
701600000-706800000 rwxp 00000000 00:00 0 
706800000-71b750000 rwxp 00000000 00:00 0 
71b750000-7acd60000 rwxp 00000000 00:00 0 
7acd60000-800000000 rwxp 00000000 00:00 0 
7fd230000000-7fd230021000 rwxp 00000000 00:00 0 
7fd230021000-7fd234000000 ---p 00000000 00:00 0 
7fd238000000-7fd238021000 rwxp 00000000 00:00 0 
7fd238021000-7fd23c000000 ---p 00000000 00:00 0 
7fd23c000000-7fd23c021000 rwxp 00000000 00:00 0 
7fd23c021000-7fd240000000 ---p 00000000 00:00 0 
7fd240000000-7fd240021000 rwxp 00000000 00:00 0 
7fd240021000-7fd244000000 ---p 00000000 00:00 0 
7fd244000000-7fd244021000 rwxp 00000000 00:00 0 
7fd244021000-7fd248000000 ---p 00000000 00:00 0 
7fd248000000-7fd248021000 rwxp 00000000 00:00 0 
7fd248021000-7fd24c000000 ---p 00000000 00:00 0 
7fd24c000000-7fd24c021000 rwxp 00000000 00:00 0 
7fd24c021000-7fd250000000 ---p 00000000 00:00 0 
7fd250000000-7fd250021000 rwxp 00000000 00:00 0 
7fd250021000-7fd254000000 ---p 00000000 00:00 0 
7fd254000000-7fd254021000 rwxp 00000000 00:00 0 
7fd254021000-7fd258000000 ---p 00000000 00:00 0 
7fd258000000-7fd258021000 rwxp 00000000 00:00 0 
7fd258021000-7fd25c000000 ---p 00000000 00:00 0 
7fd25c000000-7fd25ea3e000 rwxp 00000000 00:00 0 
7fd25ea3e000-7fd260000000 ---p 00000000 00:00 0 
7fd262e2c000-7fd262e2e000 r-xs 00007000 08:04 1180633                    /home/farf/.m2/repository/org/apache/maven/shared/maven-filtering/1.0-beta-2/maven-filtering-1.0-beta-2.jar
7fd262e2e000-7fd262e39000 r-xs 0005f000 08:04 917674                     /home/farf/.m2/repository/com/thoughtworks/xstream/xstream/1.3.1/xstream-1.3.1.jar
7fd262e39000-7fd262e3c000 r-xs 0000a000 08:04 1316014                    /home/farf/.m2/repository/org/codehaus/plexus/plexus-io/1.0.1/plexus-io-1.0.1.jar
7fd262e3c000-7fd262e40000 r-xs 00029000 08:04 1315504                    /home/farf/.m2/repository/org/codehaus/plexus/plexus-archiver/1.2/plexus-archiver-1.2.jar
7fd262e40000-7fd262e42000 r-xs 00011000 08:04 1180164                    /home/farf/.m2/repository/org/apache/maven/plugins/maven-war-plugin/2.1.1/maven-war-plugin-2.1.1.jar
7fd262e42000-7fd262e43000 r-xs 00008000 08:04 4729033                    /home/farf/.m2/repository/asm/asm-util/3.2/asm-util-3.2.jar
7fd262e43000-7fd262e44000 r-xs 00004000 08:04 4213869                    /home/farf/.m2/repository/asm/asm-analysis/3.2/asm-analysis-3.2.jar
7fd262e44000-7fd262e47000 r-xs 00013000 08:04 918068                     /home/farf/.m2/repository/commons-io/commons-io/1.3.2/commons-io-1.3.2.jar
7fd262e47000-7fd262e48000 r-xs 00002000 08:04 1575428                    /home/farf/.m2/repository/org/vafer/jdependency/0.7/jdependency-0.7.jar
7fd262e48000-7fd262e4a000 r-xs 00007000 08:04 1180595                    /home/farf/.m2/repository/org/apache/maven/shared/maven-dependency-tree/1.1/maven-dependency-tree-1.1.jar
7fd262e4a000-7fd262e4d000 r-xs 00023000 08:04 1444666                    /home/farf/.m2/repository/org/jdom/jdom/1.1/jdom-1.1.jar
7fd262e4d000-7fd262e4f000 r-xs 00004000 08:04 4729021                    /home/farf/.m2/repository/asm/asm-tree/3.3.1/asm-tree-3.3.1.jar
7fd262e4f000-7fd262e51000 r-xs 00008000 08:04 4600514                    /home/farf/.m2/repository/asm/asm-commons/3.3.1/asm-commons-3.3.1.jar
7fd262e51000-7fd262e56000 r-xs 00039000 08:04 1316138                    /home/farf/.m2/repository/org/codehaus/plexus/plexus-utils/1.5.5/plexus-utils-1.5.5.jar
7fd262e56000-7fd262e58000 r-xs 00013000 08:04 1180033                    /home/farf/.m2/repository/org/apache/maven/plugins/maven-shade-plugin/1.7.1/maven-shade-plugin-1.7.1.jar
7fd262e58000-7fd262e5a000 r-xs 00009000 08:04 1180645                    /home/farf/.m2/repository/org/apache/maven/shared/maven-filtering/1.1/maven-filtering-1.1.jar
7fd262e5a000-7fd262e5c000 r-xs 00005000 08:04 4071562                    /home/farf/.m2/repository/xpp3/xpp3_min/1.1.4c/xpp3_min-1.1.4c.jar
7fd262e5c000-7fd262e5d000 r-xs 00001000 08:04 4071536                    /home/farf/.m2/repository/xmlpull/xmlpull/1.1.3.1/xmlpull-1.1.3.1.jar
7fd262e5d000-7fd262e69000 r-xs 0006a000 08:04 917680                     /home/farf/.m2/repository/com/thoughtworks/xstream/xstream/1.4.2/xstream-1.4.2.jar
7fd262e69000-7fd262e6b000 r-xs 0000d000 08:04 1315968                    /home/farf/.m2/repository/org/codehaus/plexus/plexus-interpolation/1.15/plexus-interpolation-1.15.jar
7fd262e6b000-7fd262e6f000 r-xs 00014000 08:04 1575368                    /home/farf/.m2/repository/org/tukaani/xz/1.2/xz-1.2.jar
7fd262e6f000-7fd262e74000 r-xs 0003a000 08:04 920911                     /home/farf/.m2/repository/org/apache/commons/commons-compress/1.5/commons-compress-1.5.jar
7fd262e74000-7fd262e79000 r-xs 00024000 08:04 1311842                    /home/farf/.m2/repository/org/codehaus/plexus/plexus-archiver/2.4.1/plexus-archiver-2.4.1.jar
7fd262e79000-7fd262e7d000 r-xs 00027000 08:04 918098                     /home/farf/.m2/repository/commons-io/commons-io/2.2/commons-io-2.2.jar
7fd262e7d000-7fd262e80000 r-xs 0000c000 08:04 1311843                    /home/farf/.m2/repository/org/codehaus/plexus/plexus-io/2.0.7/plexus-io-2.0.7.jar
7fd262e80000-7fd262e83000 r-xs 00013000 08:04 1183984                    /home/farf/.m2/repository/org/apache/maven/plugins/maven-war-plugin/2.4/maven-war-plugin-2.4.jar
7fd262e83000-7fd262e85000 r-xs 00003000 08:04 1060822                    /home/farf/.m2/repository/org/apache/cxf/cxf-rt-rs-security-cors/2.7.14/cxf-rt-rs-security-cors-2.7.14.jar
7fd262e85000-7fd262e89000 r-xs 00018000 08:04 919273                     /home/farf/.m2/repository/javax/ws/rs/javax.ws.rs-api/2.0-m10/javax.ws.rs-api-2.0-m10.jar
7fd262e89000-7fd262e92000 r-xs 0009b000 08:04 1054568                    /home/farf/.m2/repository/org/apache/cxf/cxf-rt-frontend-jaxrs/2.7.14/cxf-rt-frontend-jaxrs-2.7.14.jar
7fd262e92000-7fd262e97000 r-xs 00039000 08:04 1060821                    /home/farf/.m2/repository/org/apache/cxf/cxf-rt-databinding-aegis/2.7.14/cxf-rt-databinding-aegis-2.7.14.jar
7fd262e97000-7fd262e9c000 r-xs 0003a000 08:04 1060810                    /home/farf/.m2/repository/org/apache/cxf/cxf-rt-transports-http/2.7.14/cxf-rt-transports-http-2.7.14.jar
7fd262e9c000-7fd262e9e000 r-xs 00010000 08:04 1184003                    /home/farf/.m2/repository/org/apache/neethi/neethi/3.0.3/neethi-3.0.3.jar
7fd262e9e000-7fd262ea3000 r-xs 00030000 08:04 1060820                    /home/farf/.m2/repository/org/apache/cxf/cxf-rt-ws-policy/2.7.14/cxf-rt-ws-policy-2.7.14.jar
7fd262ea3000-7fd262ea5000 r-xs 00012000 08:04 1060816                    /home/farf/.m2/repository/org/apache/cxf/cxf-rt-ws-addr/2.7.14/cxf-rt-ws-addr-2.7.14.jar
7fd262ea5000-7fd262ea7000 r-xs 0000f000 08:04 1060812                    /home/farf/.m2/repository/org/apache/cxf/cxf-rt-frontend-simple/2.7.14/cxf-rt-frontend-simple-2.7.14.jar
7fd262ea7000-7fd262ea9000 r-xs 00008000 08:04 1054567                    /home/farf/.m2/repository/org/apache/cxf/cxf-rt-bindings-xml/2.7.14/cxf-rt-bindings-xml-2.7.14.jar
7fd262ea9000-7fd262eab000 r-xs 0001e000 08:04 1060811                    /home/farf/.m2/repository/org/apache/cxf/cxf-rt-databinding-jaxb/2.7.14/cxf-rt-databinding-jaxb-2.7.14.jar
7fd262eab000-7fd262eaf000 r-xs 0002f000 08:04 1060813                    /home/farf/.m2/repository/org/apache/cxf/cxf-rt-bindings-soap/2.7.14/cxf-rt-bindings-soap-2.7.14.jar
7fd262eaf000-7fd262ec2000 r-xs 000c4000 08:04 917542                     /home/farf/.m2/repository/com/sun/xml/bind/jaxb-impl/2.1.13/jaxb-impl-2.1.13.jar
7fd262ec2000-7fd262ec8000 r-xs 0005f000 08:04 1054569                    /home/farf/.m2/repository/org/apache/cxf/cxf-rt-core/2.7.14/cxf-rt-core-2.7.14.jar
7fd262ec8000-7fd262ecc000 r-xs 0002a000 08:04 3937576                    /home/farf/.m2/repository/wsdl4j/wsdl4j/1.6.3/wsdl4j-1.6.3.jar
7fd262ecc000-7fd262ed1000 r-xs 00024000 08:04 1184001                    /home/farf/.m2/repository/org/apache/ws/xmlschema/xmlschema-core/2.1.0/xmlschema-core-2.1.0.jar
7fd262ed1000-7fd262ed5000 r-xs 00024000 08:04 1312821                    /home/farf/.m2/repository/org/codehaus/woodstox/stax2-api/3.1.4/stax2-api-3.1.4.jar
7fd262ed5000-7fd262edb000 r-xs 00071000 08:04 1312823                    /home/farf/.m2/repository/org/codehaus/woodstox/woodstox-core-asl/4.4.1/woodstox-core-asl-4.4.1.jar
7fd262edb000-7fd262eef000 r-xs 000fc000 08:04 1054566                    /home/farf/.m2/repository/org/apache/cxf/cxf-api/2.7.14/cxf-api-2.7.14.jar
7fd262eef000-7fd262ef0000 r-xs 0000a000 08:04 4213862                    /home/farf/.m2/repository/asm/asm/3.3.1/asm-3.3.1.jar
7fd262ef0000-7fd262ef2000 r-xs 00013000 08:04 4071521                    /home/farf/.m2/repository/xml-resolver/xml-resolver/1.2/xml-resolver-1.2.jar
7fd262ef2000-7fd262ef8000 r-xs 0005a000 08:04 1060814                    /home/farf/.m2/repository/org/apache/cxf/cxf-rt-frontend-jaxws/2.7.14/cxf-rt-frontend-jaxws-2.7.14.jar
7fd262ef8000-7fd262efb000 ---p 00000000 00:00 0 
7fd262efb000-7fd262ff9000 rwxp 00000000 00:00 0 
7fd262ff9000-7fd262ffc000 ---p 00000000 00:00 0 
7fd262ffc000-7fd2630fa000 rwxp 00000000 00:00 0 
7fd2630fa000-7fd263109000 r-xs 00667000 08:04 4995676                    /usr/lib/jvm/java-6-oracle/jre/lib/charsets.jar
7fd263109000-7fd26310c000 r-xs 00013000 08:04 4996368                    /usr/lib/jvm/java-6-oracle/jre/lib/jce.jar
7fd26310c000-7fd263113000 r-xs 00096000 08:04 4995678                    /usr/lib/jvm/java-6-oracle/jre/lib/jsse.jar
7fd263113000-7fd26311b000 r-xs 00115000 08:04 4995657                    /usr/lib/jvm/java-6-oracle/jre/lib/resources.jar
7fd26311b000-7fd26311e000 ---p 00000000 00:00 0 
7fd26311e000-7fd26321c000 rwxp 00000000 00:00 0 
7fd26321c000-7fd26321f000 ---p 00000000 00:00 0 
7fd26321f000-7fd26331d000 rwxp 00000000 00:00 0 
7fd26331d000-7fd263320000 ---p 00000000 00:00 0 
7fd263320000-7fd26341e000 rwxp 00000000 00:00 0 
7fd26341e000-7fd263421000 ---p 00000000 00:00 0 
7fd263421000-7fd26351f000 rwxp 00000000 00:00 0 
7fd26351f000-7fd263523000 r-xs 0002f000 08:04 918113                     /home/farf/.m2/repository/commons-lang/commons-lang/2.1/commons-lang-2.1.jar
7fd263523000-7fd263526000 r-xs 0000c000 08:04 1316025                    /home/farf/.m2/repository/org/codehaus/plexus/plexus-io/2.0.1/plexus-io-2.0.1.jar
7fd263526000-7fd26352a000 r-xs 00028000 08:04 1315518                    /home/farf/.m2/repository/org/codehaus/plexus/plexus-archiver/2.0.1/plexus-archiver-2.0.1.jar
7fd26352a000-7fd26352b000 r-xs 00004000 08:04 1052074                    /home/farf/.m2/repository/org/apache/maven/maven-archiver/2.4.2/maven-archiver-2.4.2.jar
7fd26352b000-7fd26352c000 r-xs 00007000 08:04 1179846                    /home/farf/.m2/repository/org/apache/maven/plugins/maven-jar-plugin/2.3.2/maven-jar-plugin-2.3.2.jar
7fd26352c000-7fd26352d000 r-xs 00002000 08:04 1180284                    /home/farf/.m2/repository/org/apache/maven/reporting/maven-reporting-api/2.0.9/maven-reporting-api-2.0.9.jar
7fd26352d000-7fd26352f000 r-xs 00006000 08:04 1180551                    /home/farf/.m2/repository/org/apache/maven/shared/maven-common-artifact-filters/1.3/maven-common-artifact-filters-1.3.jar
7fd26352f000-7fd263531000 r-xs 0000d000 08:04 1180798                    /home/farf/.m2/repository/org/apache/maven/surefire/maven-surefire-common/2.10/maven-surefire-common-2.10.jar
7fd263531000-7fd263536000 r-xs 00023000 08:04 1180876                    /home/farf/.m2/repository/org/apache/maven/surefire/surefire-api/2.10/surefire-api-2.10.jar
7fd263536000-7fd263538000 r-xs 00007000 08:04 1180931                    /home/farf/.m2/repository/org/apache/maven/surefire/surefire-booter/2.10/surefire-booter-2.10.jar
7fd263538000-7fd26353a000 r-xs 00006000 08:04 1180093                    /home/farf/.m2/repository/org/apache/maven/plugins/maven-surefire-plugin/2.10/maven-surefire-plugin-2.10.jar
7fd263549000-7fd26354b000 r-xs 00002000 08:04 1315652                    /home/farf/.m2/repository/org/codehaus/plexus/plexus-compiler-javac/1.8.1/plexus-compiler-javac-1.8.1.jar
7fd26354b000-7fd26354d000 r-xs 00000000 08:04 1315689                    /home/farf/.m2/repository/org/codehaus/plexus/plexus-compiler-manager/1.8.1/plexus-compiler-manager-1.8.1.jar
7fd26354d000-7fd26354e000 r-xs 00004000 08:04 1315615                    /home/farf/.m2/repository/org/codehaus/plexus/plexus-compiler-api/1.8.1/plexus-compiler-api-1.8.1.jar
7fd26354e000-7fd263550000 r-xs 00006000 08:04 1179702                    /home/farf/.m2/repository/org/apache/maven/plugins/maven-compiler-plugin/2.3.2/maven-compiler-plugin-2.3.2.jar
7fd263550000-7fd263552000 r-xs 00009000 08:04 1180627                    /home/farf/.m2/repository/org/apache/maven/shared/maven-filtering/1.0/maven-filtering-1.0.jar
7fd263552000-7fd263553000 r-xs 00002000 08:04 1180266                    /home/farf/.m2/repository/org/apache/maven/reporting/maven-reporting-api/2.0.6/maven-reporting-api-2.0.6.jar
7fd263553000-7fd263555000 r-xs 00005000 08:04 1179987                    /home/farf/.m2/repository/org/apache/maven/plugins/maven-resources-plugin/2.5/maven-resources-plugin-2.5.jar
7fd263555000-7fd263556000 r-xs 00002000 08:04 1315889                    /home/farf/.m2/repository/org/codehaus/plexus/plexus-digest/1.0/plexus-digest-1.0.jar
7fd263556000-7fd263557000 r-xs 00005000 08:04 1179817                    /home/farf/.m2/repository/org/apache/maven/plugins/maven-install-plugin/2.3.1/maven-install-plugin-2.3.1.jar
7fd263557000-7fd2635b6000 r-xs 00bac000 08:04 5120723                    /usr/lib/jvm/java-6-oracle/lib/tools.jar
7fd2635b6000-7fd263624000 r-xs 00920000 08:04 922624                     /home/farf/.m2/repository/org/aspectj/aspectjtools/1.7.4/aspectjtools-1.7.4.jar
7fd263624000-7fd263629000 r-xs 00016000 08:04 4071480                    /home/farf/.m2/repository/xml-apis/xml-apis/1.0.b2/xml-apis-1.0.b2.jar
7fd263629000-7fd26362b000 r-xs 00008000 08:04 918165                     /home/farf/.m2/repository/commons-logging/commons-logging/1.0.4/commons-logging-1.0.4.jar
7fd26362b000-7fd26362f000 r-xs 00026000 08:04 917955                     /home/farf/.m2/repository/commons-digester/commons-digester/1.6/commons-digester-1.6.jar
7fd26362f000-7fd263634000 r-xs 0002a000 08:04 917771                     /home/farf/.m2/repository/commons-beanutils/commons-beanutils/1.7.0/commons-beanutils-1.7.0.jar
7fd263634000-7fd263637000 r-xs 00014000 08:04 918243                     /home/farf/.m2/repository/commons-validator/commons-validator/1.2.0/commons-validator-1.2.0.jar
7fd263637000-7fd263639000 r-xs 00003000 08:04 1180323                    /home/farf/.m2/repository/org/apache/maven/reporting/maven-reporting-impl/2.1/maven-reporting-impl-2.1.jar
7fd263639000-7fd263646000 r-xs 0007f000 08:04 917903                     /home/farf/.m2/repository/commons-collections/commons-collections/3.2/commons-collections-3.2.jar
7fd263646000-7fd263648000 r-xs 0000e000 08:04 921096                     /home/farf/.m2/repository/oro/oro/2.0.8/oro-2.0.8.jar
7fd263648000-7fd263650000 r-xs 00058000 08:04 1181875                    /home/farf/.m2/repository/org/apache/velocity/velocity/1.5/velocity-1.5.jar
7fd263650000-7fd263651000 r-xs 00001000 08:04 1316251                    /home/farf/.m2/repository/org/codehaus/plexus/plexus-velocity/1.1.7/plexus-velocity-1.1.7.jar
7fd263651000-7fd263652000 r-xs 00002000 08:04 1315902                    /home/farf/.m2/repository/org/codehaus/plexus/plexus-i18n/1.0-beta-7/plexus-i18n-1.0-beta-7.jar
7fd263652000-7fd263654000 r-xs 00008000 08:04 1051727                    /home/farf/.m2/repository/org/apache/maven/doxia/doxia-module-fml/1.1.2/doxia-module-fml-1.1.2.jar
7fd263654000-7fd263655000 r-xs 00003000 08:04 1051763                    /home/farf/.m2/repository/org/apache/maven/doxia/doxia-module-xhtml/1.1.2/doxia-module-xhtml-1.1.2.jar
7fd263655000-7fd263657000 r-xs 0000b000 08:04 1051666                    /home/farf/.m2/repository/org/apache/maven/doxia/doxia-decoration-model/1.1.2/doxia-decoration-model-1.1.2.jar
7fd263657000-7fd263659000 r-xs 00006000 08:04 917837                     /home/farf/.m2/repository/commons-codec/commons-codec/1.2/commons-codec-1.2.jar
7fd263659000-7fd26365f000 r-xs 00045000 08:04 918041                     /home/farf/.m2/repository/commons-httpclient/commons-httpclient/3.1/commons-httpclient-3.1.jar
7fd26365f000-7fd263663000 r-xs 0003c000 08:04 918124                     /home/farf/.m2/repository/commons-lang/commons-lang/2.4/commons-lang-2.4.jar
7fd263663000-7fd26367a000 r-xs 00112000 08:04 3937657                    /home/farf/.m2/repository/xerces/xercesImpl/2.8.1/xercesImpl-2.8.1.jar
7fd26367a000-7fd26367e000 r-xs 00023000 08:04 1051628                    /home/farf/.m2/repository/org/apache/maven/doxia/doxia-core/1.1.2/doxia-core-1.1.2.jar
7fd26367e000-7fd263680000 r-xs 0000b000 08:04 1051880                    /home/farf/.m2/repository/org/apache/maven/doxia/doxia-site-renderer/1.1.2/doxia-site-renderer-1.1.2.jar
7fd263680000-7fd263681000 r-xs 00002000 08:04 1051688                    /home/farf/.m2/repository/org/apache/maven/doxia/doxia-logging-api/1.1/doxia-logging-api-1.1.jar
7fd263681000-7fd263683000 r-xs 00002000 08:04 1051835                    /home/farf/.m2/repository/org/apache/maven/doxia/doxia-sink-api/1.1/doxia-sink-api-1.1.jar
7fd263683000-7fd263684000 r-xs 00002000 08:04 1180298                    /home/farf/.m2/repository/org/apache/maven/reporting/maven-reporting-api/2.2.1/maven-reporting-api-2.2.1.jar
7fd263684000-7fd263686000 r-xs 0000b000 08:04 1315944                    /home/farf/.m2/repository/org/codehaus/plexus/plexus-interpolation/1.11/plexus-interpolation-1.11.jar
7fd263686000-7fd26368e000 r-xs 00049000 08:04 5380877                    /home/farf/.m2/repository/backport-util-concurrent/backport-util-concurrent/3.1/backport-util-concurrent-3.1.jar
7fd26368e000-7fd263692000 r-xs 00035000 08:04 1316202                    /home/farf/.m2/repository/org/codehaus/plexus/plexus-utils/3.0.10/plexus-utils-3.0.10.jar
7fd263692000-7fd263693000 r-xs 0000c000 08:04 1311808                    /home/farf/.m2/repository/org/codehaus/mojo/aspectj-maven-plugin/1.6/aspectj-maven-plugin-1.6.jar
7fd263693000-7fd263697000 r-xs 00033000 08:04 1316170                    /home/farf/.m2/repository/org/codehaus/plexus/plexus-utils/2.0.5/plexus-utils-2.0.5.jar
7fd263697000-7fd263698000 r-xs 00005000 08:04 1179674                    /home/farf/.m2/repository/org/apache/maven/plugins/maven-clean-plugin/2.4.1/maven-clean-plugin-2.4.1.jar
7fd263698000-7fd26369b000 r-xs 0001d000 08:04 1183861                    /home/farf/.m2/repository/org/apache/xbean/xbean-asm4-shaded/3.16/xbean-asm4-shaded-3.16.jar
7fd26369b000-7fd26369e000 r-xs 00025000 08:04 1183865                    /home/farf/.m2/repository/org/apache/xbean/xbean-finder-shaded/3.16/xbean-finder-shaded-3.16.jar
7fd26369e000-7fd2636a7000 r-xs 00061000 08:04 1448854                    /home/farf/.m2/repository/org/osgi/org.osgi.core/5.0.0/org.osgi.core-5.0.0.jar
7fd2636a7000-7fd2636b4000 r-xs 00091000 08:04 1053093                    /home/farf/.m2/repository/org/apache/mina/mina-core/2.0.7/mina-core-2.0.7.jar
7fd2636b4000-7fd2636bf000 r-xs 00067000 08:04 1183842                    /home/farf/.m2/repository/org/apache/sshd/sshd-core/0.9.0/sshd-core-0.9.0.jar
7fd2636bf000-7fd2636c0000 r-xs 00003000 08:04 1057399                    /home/farf/.m2/repository/org/apache/karaf/jaas/org.apache.karaf.jaas.boot/3.0.0/org.apache.karaf.jaas.boot-3.0.0.jar
7fd2636c0000-7fd2636c2000 r-xs 00009000 08:04 1057271                    /home/farf/.m2/repository/org/apache/karaf/jaas/org.apache.karaf.jaas.config/3.0.0/org.apache.karaf.jaas.config-3.0.0.jar
7fd2636c2000-7fd2636c4000 r-xs 00012000 08:04 1057269                    /home/farf/.m2/repository/org/apache/karaf/jaas/org.apache.karaf.jaas.modules/3.0.0/org.apache.karaf.jaas.modules-3.0.0.jar
7fd2636c4000-7fd2636c7000 r-xs 00030000 08:04 922494                     /home/farf/.m2/repository/jline/jline/2.11/jline-2.11.jar
7fd2636c7000-7fd2636cd000 r-xs 0003c000 08:04 1057259                    /home/farf/.m2/repository/org/apache/karaf/shell/org.apache.karaf.shell.console/3.0.0/org.apache.karaf.shell.console-3.0.0.jar
7fd2636cd000-7fd2636eb000 r-xs 001c4000 08:04 1181513                    /home/farf/.m2/repository/org/apache/servicemix/bundles/org.apache.servicemix.bundles.ant/1.8.4_1/org.apache.servicemix.bundles.ant-1.8.4_1.jar
7fd2636eb000-7fd2636ec000 r-xs 00000000 08:04 1448852                    /home/farf/.m2/repository/org/ops4j/pax/swissbox/pax-swissbox-property/1.7.0/pax-swissbox-property-1.7.0.jar
7fd2636ec000-7fd2636ee000 r-xs 0000f000 08:04 1057397                    /home/farf/.m2/repository/org/apache/felix/org.apache.felix.utils/1.4.0/org.apache.felix.utils-1.4.0.jar
7fd2636ee000-7fd2636f0000 r-xs 00009000 08:04 1057242                    /home/farf/.m2/repository/org/apache/karaf/kar/org.apache.karaf.kar.core/3.0.0/org.apache.karaf.kar.core-3.0.0.jar
7fd2636f0000-7fd2636f2000 r-xs 00002000 08:04 1057246                    /home/farf/.m2/repository/org/apache/karaf/deployer/org.apache.karaf.deployer.kar/3.0.0/org.apache.karaf.deployer.kar-3.0.0.jar
7fd2636f2000-7fd2636f4000 r-xs 00006000 08:04 1057394                    /home/farf/.m2/repository/org/apache/karaf/deployer/org.apache.karaf.deployer.features/3.0.0/org.apache.karaf.deployer.features-3.0.0.jar
7fd2636f4000-7fd2636f6000 r-xs 00006000 08:04 1057393                    /home/farf/.m2/repository/org/apache/karaf/deployer/org.apache.karaf.deployer.blueprint/3.0.0/org.apache.karaf.deployer.blueprint-3.0.0.jar
7fd2636f6000-7fd2636f8000 r-xs 00006000 08:04 1057298                    /home/farf/.m2/repository/org/apache/karaf/deployer/org.apache.karaf.deployer.spring/3.0.0/org.apache.karaf.deployer.spring-3.0.0.jar
7fd2636f8000-7fd2636f9000 r-xs 00001000 08:04 1448849                    /home/farf/.m2/repository/org/ops4j/base/ops4j-base-util-collections/1.4.0/ops4j-base-util-collections-1.4.0.jar
7fd2636f9000-7fd2636fb000 r-xs 00001000 08:04 1448847                    /home/farf/.m2/repository/org/ops4j/base/ops4j-base-util-xml/1.4.0/ops4j-base-util-xml-1.4.0.jar
7fd2636fb000-7fd2636fc000 r-xs 00001000 08:04 1448765                    /home/farf/.m2/repository/org/ops4j/base/ops4j-base-util-property/1.4.0/ops4j-base-util-property-1.4.0.jar
7fd2636fc000-7fd2636fd000 r-xs 00004000 08:04 1448845                    /home/farf/.m2/repository/org/ops4j/pax/url/pax-url-maven-commons/1.6.0/pax-url-maven-commons-1.6.0.jar
7fd2636fd000-7fd26374a000 r-xs 00379000 08:04 1448844                    /home/farf/.m2/repository/org/ops4j/pax/url/pax-url-aether/1.6.0/pax-url-aether-1.6.0.jar
7fd26374a000-7fd26374c000 r-xs 00001000 08:04 1448842                    /home/farf/.m2/repository/org/ops4j/pax/url/pax-url-commons/1.6.0/pax-url-commons-1.6.0.jar
7fd26374c000-7fd26374e000 r-xs 00001000 08:04 1448841                    /home/farf/.m2/repository/org/ops4j/pax/swissbox/pax-swissbox-bnd/1.7.0/pax-swissbox-bnd-1.7.0.jar
7fd26374e000-7fd26374f000 r-xs 00001000 08:04 1448763                    /home/farf/.m2/repository/org/ops4j/base/ops4j-base-monitors/1.4.0/ops4j-base-monitors-1.4.0.jar
7fd26374f000-7fd263750000 r-xs 00001000 08:04 1448637                    /home/farf/.m2/repository/org/ops4j/base/ops4j-base-lang/1.4.0/ops4j-base-lang-1.4.0.jar
7fd263750000-7fd263751000 r-xs 00002000 08:04 1448761                    /home/farf/.m2/repository/org/ops4j/base/ops4j-base-net/1.4.0/ops4j-base-net-1.4.0.jar
7fd263751000-7fd263752000 r-xs 00002000 08:04 1448839                    /home/farf/.m2/repository/org/ops4j/pax/url/pax-url-wrap/1.6.0/pax-url-wrap-1.6.0.jar
7fd263752000-7fd263755000 r-xs 0001f000 08:04 1057261                    /home/farf/.m2/repository/org/apache/karaf/features/org.apache.karaf.features.core/3.0.0/org.apache.karaf.features.core-3.0.0.jar
7fd263755000-7fd263757000 r-xs 00016000 08:04 1049347                    /home/farf/.m2/repository/org/apache/felix/org.apache.felix.fileinstall/3.2.6/org.apache.felix.fileinstall-3.2.6.jar
7fd263757000-7fd26375b000 r-xs 0001d000 08:04 1316439                    /home/farf/.m2/repository/org/eclipse/aether/aether-util/0.9.0.M2/aether-util-0.9.0.M2.jar
7fd26375b000-7fd26375e000 r-xs 0000c000 08:04 1180613                    /home/farf/.m2/repository/org/apache/maven/shared/maven-dependency-tree/2.1/maven-dependency-tree-2.1.jar
7fd26375e000-7fd263761000 r-xs 0000c000 08:04 1316031                    /home/farf/.m2/repository/org/codehaus/plexus/plexus-io/2.0.2/plexus-io-2.0.2.jar
7fd263761000-7fd263766000 r-xs 00029000 08:04 1315524                    /home/farf/.m2/repository/org/codehaus/plexus/plexus-archiver/2.1/plexus-archiver-2.1.jar
7fd263766000-7fd263768000 r-xs 00004000 08:04 1052080                    /home/farf/.m2/repository/org/apache/maven/maven-archiver/2.5/maven-archiver-2.5.jar
7fd263768000-7fd263780000 r-xs 0013b000 08:04 5517593                    /home/farf/.m2/repository/biz/aQute/bnd/bndlib/2.1.0/bndlib-2.1.0.jar
7fd263780000-7fd263782000 r-xs 0001d000 08:04 1057392                    /home/farf/.m2/repository/org/apache/felix/maven-bundle-plugin/2.4.0/maven-bundle-plugin-2.4.0.jar
7fd263782000-7fd263786000 r-xs 00034000 08:04 1316190                    /home/farf/.m2/repository/org/codehaus/plexus/plexus-utils/3.0/plexus-utils-3.0.jar
7fd263786000-7fd263787000 r-xs 00001000 08:04 1573902                    /home/farf/.m2/repository/org/sonatype/plexus/plexus-build-api/0.0.4/plexus-build-api-0.0.4.jar
7fd263787000-7fd263789000 r-xs 00007000 08:04 1180639                    /home/farf/.m2/repository/org/apache/maven/shared/maven-filtering/1.0-beta-4/maven-filtering-1.0-beta-4.jar
7fd263789000-7fd26378b000 r-xs 00005000 08:04 1576930                    /home/farf/.m2/repository/org/slf4j/slf4j-api/1.7.5/slf4j-api-1.7.5.jar
7fd26378b000-7fd26378c000 r-xs 00001000 08:04 1576929                    /home/farf/.m2/repository/org/slf4j/slf4j-jdk14/1.7.5/slf4j-jdk14-1.7.5.jar
7fd26378c000-7fd26378e000 r-xs 00002000 08:04 1573915                    /home/farf/.m2/repository/org/sonatype/plexus/plexus-cipher/1.4/plexus-cipher-1.4.jar
7fd26378e000-7fd26378f000 r-xs 00006000 08:04 1573922                    /home/farf/.m2/repository/org/sonatype/plexus/plexus-sec-dispatcher/1.3/plexus-sec-dispatcher-1.3.jar
7fd26378f000-7fd263791000 r-xs 00000000 08:04 1315739                    /home/farf/.m2/repository/org/codehaus/plexus/plexus-component-annotations/1.5.5/plexus-component-annotations-1.5.5.jar
7fd263791000-7fd263793000 r-xs 0000d000 08:04 1315962                    /home/farf/.m2/repository/org/codehaus/plexus/plexus-interpolation/1.14/plexus-interpolation-1.14.jar
7fd263793000-7fd263797000 r-xs 0001a000 08:04 1573830                    /home/farf/.m2/repository/org/sonatype/aether/aether-util/1.11/aether-util-1.11.jar
7fd263797000-7fd2637a3000 r-xs 0006b000 08:04 1573978                    /home/farf/.m2/repository/org/sonatype/sisu/sisu-guice/2.9.4/sisu-guice-2.9.4-no_aop.jar
7fd2637a3000-7fd2637a9000 r-xs 00033000 08:04 1574008                    /home/farf/.m2/repository/org/sonatype/sisu/sisu-inject-bean/2.1.1/sisu-inject-bean-2.1.1.jar
7fd2637a9000-7fd2637ac000 r-xs 0001f000 08:04 1057329                    /home/farf/.m2/repository/org/apache/karaf/tooling/karaf-maven-plugin/3.0.0/karaf-maven-plugin-3.0.0.jar
7fd2637ac000-7fd2637af000 r-xs 00034000 08:04 1316184                    /home/farf/.m2/repository/org/codehaus/plexus/plexus-utils/2.1/plexus-utils-2.1.jar
7fd2637af000-7fd2637b1000 r-xs 00007000 08:04 1180601                    /home/farf/.m2/repository/org/apache/maven/shared/maven-dependency-tree/1.2/maven-dependency-tree-1.2.jar
7fd2637b1000-7fd2637b3000 r-xs 0000d000 08:04 1315956                    /home/farf/.m2/repository/org/codehaus/plexus/plexus-interpolation/1.13/plexus-interpolation-1.13.jar
7fd2637b3000-7fd2637b6000 r-xs 0000a000 08:04 1315995                    /home/farf/.m2/repository/org/codehaus/plexus/plexus-io/1.0/plexus-io-1.0.jar
7fd2637b6000-7fd2637ba000 r-xs 00028000 08:04 1315473                    /home/farf/.m2/repository/org/codehaus/plexus/plexus-archiver/1.0/plexus-archiver-1.0.jar
7fd2637ba000-7fd2637bb000 r-xs 00004000 08:04 1052068                    /home/farf/.m2/repository/org/apache/maven/maven-archiver/2.4.1/maven-archiver-2.4.1.jar
7fd2637bb000-7fd2637bd000 r-xs 00002000 08:04 1315918                    /home/farf/.m2/repository/org/codehaus/plexus/plexus-interactivity-api/1.0-alpha-4/plexus-interactivity-api-1.0-alpha-4.jar
7fd2637bd000-7fd2637bf000 r-xs 00006000 08:04 917821                     /home/farf/.m2/repository/commons-cli/commons-cli/1.0/commons-cli-1.0.jar
7fd2637bf000-7fd2637c2000 r-xs 0001b000 08:04 919471                     /home/farf/.m2/repository/junit/junit/3.8.1/junit-3.8.1.jar
7fd2637c2000-7fd2637c3000 r-xs 00001000 08:04 1051817                    /home/farf/.m2/repository/org/apache/maven/doxia/doxia-sink-api/1.0-alpha-7/doxia-sink-api-1.0-alpha-7.jar
7fd2637c3000-7fd2637c4000 r-xs 00002000 08:04 1180272                    /home/farf/.m2/repository/org/apache/maven/reporting/maven-reporting-api/2.0.7/maven-reporting-api-2.0.7.jar
7fd2637c4000-7fd2637c8000 r-xs 00024000 08:04 1446100                    /home/farf/.m2/repository/org/osgi/org.osgi.core/4.1.0/org.osgi.core-4.1.0.jar
7fd2637c8000-7fd2637cc000 r-xs 00026000 08:04 1049331                    /home/farf/.m2/repository/org/apache/felix/org.apache.felix.bundlerepository/1.6.6/org.apache.felix.bundlerepository-1.6.6.jar
7fd2637cc000-7fd2637db000 r-xs 000d2000 08:04 5664449                    /home/farf/.m2/repository/biz/aQute/bndlib/1.50.0/bndlib-1.50.0.jar
7fd2637db000-7fd2637e2000 r-xp 00000000 08:04 4995727                    /usr/lib/jvm/java-6-oracle/jre/lib/amd64/libnio.so
7fd2637e2000-7fd2638e1000 ---p 00007000 08:04 4995727                    /usr/lib/jvm/java-6-oracle/jre/lib/amd64/libnio.so
7fd2638e1000-7fd2638e3000 rwxp 00006000 08:04 4995727                    /usr/lib/jvm/java-6-oracle/jre/lib/amd64/libnio.so
7fd2638e3000-7fd2638e6000 ---p 00000000 00:00 0 
7fd2638e6000-7fd2639e4000 rwxp 00000000 00:00 0 
7fd2639e4000-7fd2639f7000 r-xp 00000000 08:04 4995762                    /usr/lib/jvm/java-6-oracle/jre/lib/amd64/libnet.so
7fd2639f7000-7fd263af8000 ---p 00013000 08:04 4995762                    /usr/lib/jvm/java-6-oracle/jre/lib/amd64/libnet.so
7fd263af8000-7fd263afb000 rwxp 00014000 08:04 4995762                    /usr/lib/jvm/java-6-oracle/jre/lib/amd64/libnet.so
7fd263afb000-7fd263afe000 ---p 00000000 00:00 0 
7fd263afe000-7fd263bfc000 rwxp 00000000 00:00 0                          [stack:14924]
7fd263bfc000-7fd263bfd000 r-xp 00000000 08:04 4122023                    /home/farf/Development/Tools/idea-IU-133.696/bin/libbreakgen64.so
7fd263bfd000-7fd263dfc000 ---p 00001000 08:04 4122023                    /home/farf/Development/Tools/idea-IU-133.696/bin/libbreakgen64.so
7fd263dfc000-7fd263dfd000 r-xp 00000000 08:04 4122023                    /home/farf/Development/Tools/idea-IU-133.696/bin/libbreakgen64.so
7fd263dfd000-7fd263dfe000 rwxp 00001000 08:04 4122023                    /home/farf/Development/Tools/idea-IU-133.696/bin/libbreakgen64.so
7fd263dfe000-7fd263dff000 ---p 00000000 00:00 0 
7fd263dff000-7fd263eff000 rwxp 00000000 00:00 0                          [stack:14923]
7fd263eff000-7fd263f02000 ---p 00000000 00:00 0 
7fd263f02000-7fd264000000 rwxp 00000000 00:00 0                          [stack:14922]
7fd264000000-7fd264021000 rwxp 00000000 00:00 0 
7fd264021000-7fd268000000 ---p 00000000 00:00 0 
7fd268000000-7fd26bc53000 rwxp 00000000 00:00 0 
7fd26bc53000-7fd26c000000 ---p 00000000 00:00 0 
7fd26c000000-7fd26c021000 rwxp 00000000 00:00 0 
7fd26c021000-7fd270000000 ---p 00000000 00:00 0 
7fd270000000-7fd270021000 rwxp 00000000 00:00 0 
7fd270021000-7fd274000000 ---p 00000000 00:00 0 
7fd274000000-7fd274208000 rwxp 00000000 00:00 0 
7fd274208000-7fd278000000 ---p 00000000 00:00 0 
7fd278000000-7fd278448000 rwxp 00000000 00:00 0 
7fd278448000-7fd27c000000 ---p 00000000 00:00 0 
7fd27c000000-7fd27c021000 rwxp 00000000 00:00 0 
7fd27c021000-7fd280000000 ---p 00000000 00:00 0 
7fd280000000-7fd280021000 rwxp 00000000 00:00 0 
7fd280021000-7fd284000000 ---p 00000000 00:00 0 
7fd284000000-7fd284021000 rwxp 00000000 00:00 0 
7fd284021000-7fd288000000 ---p 00000000 00:00 0 
7fd288000000-7fd288002000 r-xs 00012000 08:04 1316397                    /home/farf/.m2/repository/org/easymock/easymock/2.4/easymock-2.4.jar
7fd288002000-7fd288005000 r-xs 0001c000 08:04 1049312                    /home/farf/.m2/repository/org/apache/felix/maven-bundle-plugin/2.3.7/maven-bundle-plugin-2.3.7.jar
7fd288005000-7fd288008000 r-xs 00013000 08:04 4026585                    /home/farf/Development/Tools/apache-maven-3.0.5/lib/aether-api-1.13.1.jar
7fd288008000-7fd28800a000 r-xs 00009000 08:04 4026591                    /home/farf/Development/Tools/apache-maven-3.0.5/lib/commons-cli-1.2.jar
7fd28800a000-7fd28800c000 r-xs 0000b000 08:04 4026577                    /home/farf/Development/Tools/apache-maven-3.0.5/lib/maven-artifact-3.0.5.jar
7fd28800c000-7fd28800e000 r-xs 0000b000 08:04 4026590                    /home/farf/Development/Tools/apache-maven-3.0.5/lib/wagon-provider-api-2.4.jar
7fd28800e000-7fd288011000 r-xs 0001d000 08:04 4026588                    /home/farf/Development/Tools/apache-maven-3.0.5/lib/aether-impl-1.13.1.jar
7fd288011000-7fd288013000 r-xs 0000a000 08:04 4026567                    /home/farf/Development/Tools/apache-maven-3.0.5/lib/maven-settings-3.0.5.jar
7fd288013000-7fd288015000 r-xs 0000c000 08:04 4026584                    /home/farf/Development/Tools/apache-maven-3.0.5/lib/maven-aether-provider-3.0.5.jar
7fd288015000-7fd288018000 ---p 00000000 00:00 0 
7fd288018000-7fd288116000 rwxp 00000000 00:00 0                          [stack:14921]
7fd288116000-7fd288119000 ---p 00000000 00:00 0 
7fd288119000-7fd288217000 rwxp 00000000 00:00 0                          [stack:14920]
7fd288217000-7fd28821a000 ---p 00000000 00:00 0 
7fd28821a000-7fd288318000 rwxp 00000000 00:00 0                          [stack:14919]
7fd288318000-7fd2889fa000 r-xp 00000000 08:04 4594044                    /usr/lib/locale/locale-archive
7fd2889fa000-7fd2889fd000 ---p 00000000 00:00 0 
7fd2889fd000-7fd288afb000 rwxp 00000000 00:00 0                          [stack:14917]
7fd288afb000-7fd288afe000 ---p 00000000 00:00 0 
7fd288afe000-7fd288bfc000 rwxp 00000000 00:00 0                          [stack:14916]
7fd288bfc000-7fd288bfd000 ---p 00000000 00:00 0 
7fd288bfd000-7fd289c40000 rwxp 00000000 00:00 0                          [stack:14915]
7fd289c40000-7fd28dff0000 rwxp 00000000 00:00 0 
7fd28dff0000-7fd290000000 ---p 00000000 00:00 0 
7fd290000000-7fd290001000 r-xp 00000000 00:00 0 
7fd290001000-7fd290004000 r-xs 00008000 08:04 4026571                    /home/farf/Development/Tools/apache-maven-3.0.5/lib/maven-settings-builder-3.0.5.jar
7fd290004000-7fd290006000 r-xs 0000b000 08:04 4026578                    /home/farf/Development/Tools/apache-maven-3.0.5/lib/maven-plugin-api-3.0.5.jar
7fd290006000-7fd29000d000 r-xs 00040000 08:04 4026580                    /home/farf/Development/Tools/apache-maven-3.0.5/lib/sisu-inject-bean-2.3.0.jar
7fd29000d000-7fd290011000 r-xs 0001c000 08:04 4026587                    /home/farf/Development/Tools/apache-maven-3.0.5/lib/aether-util-1.13.1.jar
7fd290011000-7fd290013000 r-xs 00006000 08:04 4026576                    /home/farf/Development/Tools/apache-maven-3.0.5/lib/maven-repository-metadata-3.0.5.jar
7fd290013000-7fd290032000 r-xs 00152000 08:04 4026582                    /home/farf/Development/Tools/apache-maven-3.0.5/lib/sisu-guava-0.9.9.jar
7fd290032000-7fd290036000 r-xs 00021000 08:04 4026583                    /home/farf/Development/Tools/apache-maven-3.0.5/lib/maven-model-builder-3.0.5.jar
7fd290036000-7fd290042000 r-xs 0007d000 08:04 4026569                    /home/farf/Development/Tools/apache-maven-3.0.5/lib/maven-core-3.0.5.jar
7fd290042000-7fd29005d000 r-xs 000fa000 08:04 4026592                    /home/farf/Development/Tools/apache-maven-3.0.5/lib/wagon-http-2.4-shaded.jar
7fd29005d000-7fd290290000 rwxp 00000000 00:00 0 
7fd290290000-7fd290429000 r-xs 03087000 08:04 4996362                    /usr/lib/jvm/java-6-oracle/jre/lib/rt.jar
7fd290429000-7fd29042a000 ---p 00000000 00:00 0 
7fd29042a000-7fd29052a000 rwxp 00000000 00:00 0                          [stack:14914]
7fd29052a000-7fd29052b000 ---p 00000000 00:00 0 
7fd29052b000-7fd29062b000 rwxp 00000000 00:00 0                          [stack:14913]
7fd29062b000-7fd29062c000 ---p 00000000 00:00 0 
7fd29062c000-7fd29072c000 rwxp 00000000 00:00 0                          [stack:14912]
7fd29072c000-7fd29072d000 ---p 00000000 00:00 0 
7fd29072d000-7fd2908d5000 rwxp 00000000 00:00 0                          [stack:14911]
7fd2908d5000-7fd290d60000 rwxp 00000000 00:00 0 
7fd290d60000-7fd290d89000 rwxp 00000000 00:00 0 
7fd290d89000-7fd290e31000 rwxp 00000000 00:00 0 
7fd290e31000-7fd2912bb000 rwxp 00000000 00:00 0 
7fd2912bb000-7fd291555000 rwxp 00000000 00:00 0 
7fd291555000-7fd291587000 rwxp 00000000 00:00 0 
7fd291587000-7fd291616000 rwxp 00000000 00:00 0 
7fd291616000-7fd291624000 r-xp 00000000 08:04 4995742                    /usr/lib/jvm/java-6-oracle/jre/lib/amd64/libzip.so
7fd291624000-7fd291726000 ---p 0000e000 08:04 4995742                    /usr/lib/jvm/java-6-oracle/jre/lib/amd64/libzip.so
7fd291726000-7fd291729000 rwxp 00010000 08:04 4995742                    /usr/lib/jvm/java-6-oracle/jre/lib/amd64/libzip.so
7fd291729000-7fd29172a000 rwxp 00000000 00:00 0 
7fd29172a000-7fd291741000 r-xp 00000000 08:04 1314528                    /lib/x86_64-linux-gnu/libnsl-2.17.so
7fd291741000-7fd291940000 ---p 00017000 08:04 1314528                    /lib/x86_64-linux-gnu/libnsl-2.17.so
7fd291940000-7fd291941000 r-xp 00016000 08:04 1314528                    /lib/x86_64-linux-gnu/libnsl-2.17.so
7fd291941000-7fd291942000 rwxp 00017000 08:04 1314528                    /lib/x86_64-linux-gnu/libnsl-2.17.so
7fd291942000-7fd291944000 rwxp 00000000 00:00 0 
7fd291944000-7fd29196d000 r-xp 00000000 08:04 4995725                    /usr/lib/jvm/java-6-oracle/jre/lib/amd64/libjava.so
7fd29196d000-7fd291a6c000 ---p 00029000 08:04 4995725                    /usr/lib/jvm/java-6-oracle/jre/lib/amd64/libjava.so
7fd291a6c000-7fd291a73000 rwxp 00028000 08:04 4995725                    /usr/lib/jvm/java-6-oracle/jre/lib/amd64/libjava.so
7fd291a73000-7fd291a80000 r-xp 00000000 08:04 4995722                    /usr/lib/jvm/java-6-oracle/jre/lib/amd64/libverify.so
7fd291a80000-7fd291b7f000 ---p 0000d000 08:04 4995722                    /usr/lib/jvm/java-6-oracle/jre/lib/amd64/libverify.so
7fd291b7f000-7fd291b82000 rwxp 0000c000 08:04 4995722                    /usr/lib/jvm/java-6-oracle/jre/lib/amd64/libverify.so
7fd291b82000-7fd291b89000 r-xp 00000000 08:04 1314581                    /lib/x86_64-linux-gnu/librt-2.17.so
7fd291b89000-7fd291d88000 ---p 00007000 08:04 1314581                    /lib/x86_64-linux-gnu/librt-2.17.so
7fd291d88000-7fd291d89000 r-xp 00006000 08:04 1314581                    /lib/x86_64-linux-gnu/librt-2.17.so
7fd291d89000-7fd291d8a000 rwxp 00007000 08:04 1314581                    /lib/x86_64-linux-gnu/librt-2.17.so
7fd291d8a000-7fd291d8d000 ---p 00000000 00:00 0 
7fd291d8d000-7fd291e8b000 rwxp 00000000 00:00 0                          [stack:14910]
7fd291e8b000-7fd291f8e000 r-xp 00000000 08:04 1314509                    /lib/x86_64-linux-gnu/libm-2.17.so
7fd291f8e000-7fd29218e000 ---p 00103000 08:04 1314509                    /lib/x86_64-linux-gnu/libm-2.17.so
7fd29218e000-7fd29218f000 r-xp 00103000 08:04 1314509                    /lib/x86_64-linux-gnu/libm-2.17.so
7fd29218f000-7fd292190000 rwxp 00104000 08:04 1314509                    /lib/x86_64-linux-gnu/libm-2.17.so
7fd292190000-7fd292aae000 r-xp 00000000 08:04 4995757                    /usr/lib/jvm/java-6-oracle/jre/lib/amd64/server/libjvm.so
7fd292aae000-7fd292bb0000 ---p 0091e000 08:04 4995757                    /usr/lib/jvm/java-6-oracle/jre/lib/amd64/server/libjvm.so
7fd292bb0000-7fd292d66000 rwxp 00920000 08:04 4995757                    /usr/lib/jvm/java-6-oracle/jre/lib/amd64/server/libjvm.so
7fd292d66000-7fd292da0000 rwxp 00000000 00:00 0 
7fd292da0000-7fd292f5e000 r-xp 00000000 08:04 1314461                    /lib/x86_64-linux-gnu/libc-2.17.so
7fd292f5e000-7fd29315d000 ---p 001be000 08:04 1314461                    /lib/x86_64-linux-gnu/libc-2.17.so
7fd29315d000-7fd293161000 r-xp 001bd000 08:04 1314461                    /lib/x86_64-linux-gnu/libc-2.17.so
7fd293161000-7fd293163000 rwxp 001c1000 08:04 1314461                    /lib/x86_64-linux-gnu/libc-2.17.so
7fd293163000-7fd293168000 rwxp 00000000 00:00 0 
7fd293168000-7fd29316b000 r-xp 00000000 08:04 1314476                    /lib/x86_64-linux-gnu/libdl-2.17.so
7fd29316b000-7fd29336a000 ---p 00003000 08:04 1314476                    /lib/x86_64-linux-gnu/libdl-2.17.so
7fd29336a000-7fd29336b000 r-xp 00002000 08:04 1314476                    /lib/x86_64-linux-gnu/libdl-2.17.so
7fd29336b000-7fd29336c000 rwxp 00003000 08:04 1314476                    /lib/x86_64-linux-gnu/libdl-2.17.so
7fd29336c000-7fd293384000 r-xp 00000000 08:04 1314573                    /lib/x86_64-linux-gnu/libpthread-2.17.so
7fd293384000-7fd293583000 ---p 00018000 08:04 1314573                    /lib/x86_64-linux-gnu/libpthread-2.17.so
7fd293583000-7fd293584000 r-xp 00017000 08:04 1314573                    /lib/x86_64-linux-gnu/libpthread-2.17.so
7fd293584000-7fd293585000 rwxp 00018000 08:04 1314573                    /lib/x86_64-linux-gnu/libpthread-2.17.so
7fd293585000-7fd293589000 rwxp 00000000 00:00 0 
7fd293589000-7fd2935ac000 r-xp 00000000 08:04 1314437                    /lib/x86_64-linux-gnu/ld-2.17.so
7fd2935ac000-7fd2935ad000 r-xs 00002000 08:04 4026593                    /home/farf/Development/Tools/apache-maven-3.0.5/lib/wagon-file-2.4.jar
7fd2935ad000-7fd2935af000 r-xs 0000d000 08:04 4026572                    /home/farf/Development/Tools/apache-maven-3.0.5/lib/plexus-interpolation-1.14.jar
7fd2935af000-7fd2935b7000 r-xs 00050000 08:04 4026581                    /home/farf/Development/Tools/apache-maven-3.0.5/lib/sisu-guice-3.1.0-no_aop.jar
7fd2935b7000-7fd2935bd000 r-xs 0003f000 08:04 4026589                    /home/farf/Development/Tools/apache-maven-3.0.5/lib/maven-compat-3.0.5.jar
7fd2935bd000-7fd2935c1000 r-xs 00033000 08:04 4026568                    /home/farf/Development/Tools/apache-maven-3.0.5/lib/plexus-utils-2.0.6.jar
7fd2935c1000-7fd293646000 rwxp 00000000 00:00 0 
7fd293646000-7fd29367b000 r-xs 00000000 08:04 4229937                    /var/cache/nscd/passwd
7fd29367b000-7fd29367e000 rwxp 00000000 00:00 0 
7fd29367e000-7fd293685000 r-xp 00000000 08:04 4995730                    /usr/lib/jvm/java-6-oracle/jre/lib/amd64/jli/libjli.so
7fd293685000-7fd293786000 ---p 00007000 08:04 4995730                    /usr/lib/jvm/java-6-oracle/jre/lib/amd64/jli/libjli.so
7fd293786000-7fd293788000 rwxp 00008000 08:04 4995730                    /usr/lib/jvm/java-6-oracle/jre/lib/amd64/jli/libjli.so
7fd293788000-7fd293789000 rwxp 00000000 00:00 0 
7fd293789000-7fd29378a000 r-xs 00003000 08:04 4026586                    /home/farf/Development/Tools/apache-maven-3.0.5/lib/aether-spi-1.13.1.jar
7fd29378a000-7fd29378c000 r-xs 00026000 08:04 4026570                    /home/farf/Development/Tools/apache-maven-3.0.5/lib/maven-model-3.0.5.jar
7fd29378c000-7fd29378e000 r-xs 00002000 08:04 4026575                    /home/farf/Development/Tools/apache-maven-3.0.5/lib/plexus-cipher-1.7.jar
7fd29378e000-7fd29378f000 r-xs 00006000 08:04 4026574                    /home/farf/Development/Tools/apache-maven-3.0.5/lib/plexus-sec-dispatcher-1.3.jar
7fd29378f000-7fd293791000 r-xs 00000000 08:04 4026573                    /home/farf/Development/Tools/apache-maven-3.0.5/lib/plexus-component-annotations-1.5.5.jar
7fd293791000-7fd293797000 r-xs 0002c000 08:04 4026579                    /home/farf/Development/Tools/apache-maven-3.0.5/lib/sisu-inject-plexus-2.3.0.jar
7fd293797000-7fd293799000 r-xs 00006000 08:04 4026594                    /home/farf/Development/Tools/apache-maven-3.0.5/lib/aether-connector-wagon-1.13.1.jar
7fd293799000-7fd29379a000 r-xs 0000a000 08:04 4026566                    /home/farf/Development/Tools/apache-maven-3.0.5/lib/maven-embedder-3.0.5.jar
7fd29379a000-7fd29379d000 r-xs 00014000 08:04 4122909                    /home/farf/Development/Tools/idea-IU-133.696/lib/idea_rt.jar
7fd29379d000-7fd29379f000 r-xs 0000a000 08:04 4026565                    /home/farf/Development/Tools/apache-maven-3.0.5/boot/plexus-classworlds-2.4.jar
7fd29379f000-7fd2937a7000 rwxs 00000000 08:04 2228869                    /tmp/hsperfdata_farf/14908
7fd2937a7000-7fd2937a8000 rwxp 00000000 00:00 0 
7fd2937a8000-7fd2937a9000 ---p 00000000 00:00 0 
7fd2937a9000-7fd2937ab000 rwxp 00000000 00:00 0 
7fd2937ab000-7fd2937ac000 r-xp 00022000 08:04 1314437                    /lib/x86_64-linux-gnu/ld-2.17.so
7fd2937ac000-7fd2937ae000 rwxp 00023000 08:04 1314437                    /lib/x86_64-linux-gnu/ld-2.17.so
7fffa85b5000-7fffa85d6000 rwxp 00000000 00:00 0                          [stack]
7fffa85fe000-7fffa8600000 r-xp 00000000 00:00 0                          [vdso]
ffffffffff600000-ffffffffff601000 r-xp 00000000 00:00 0                  [vsyscall]

VM Arguments:
jvm_args: -Dosgitx=true -Dmaven.home=/home/farf/Development/Tools/apache-maven-3.0.5 -Dclassworlds.conf=/home/farf/Development/Tools/apache-maven-3.0.5/bin/m2.conf -Didea.launcher.port=7532 -Didea.launcher.bin.path=/home/farf/Development/Tools/idea-IU-133.696/bin -Dfile.encoding=UTF-8 
java_command: com.intellij.rt.execution.application.AppMain org.codehaus.classworlds.Launcher --fail-fast --strict-checksums -DskipTests=true clean install -P tomcat,dev
Launcher Type: SUN_STANDARD

Environment Variables:
CLASSPATH=/home/farf/Development/Tools/idea-IU-133.696/bin/../lib/bootstrap.jar:/home/farf/Development/Tools/idea-IU-133.696/bin/../lib/extensions.jar:/home/farf/Development/Tools/idea-IU-133.696/bin/../lib/util.jar:/home/farf/Development/Tools/idea-IU-133.696/bin/../lib/jdom.jar:/home/farf/Development/Tools/idea-IU-133.696/bin/../lib/log4j.jar:/home/farf/Development/Tools/idea-IU-133.696/bin/../lib/trove4j.jar:/home/farf/Development/Tools/idea-IU-133.696/bin/../lib/jna.jar:/usr/lib/jvm/java-7-oracle/lib/tools.jar
PATH=/usr/lib/lightdm/lightdm:/usr/local/sbin:/usr/local/bin:/usr/sbin:/usr/bin:/sbin:/bin:/usr/games:/usr/local/games:/home/farf/Development/Tools/apache-maven-3.2.5/bin:/home/farf/Development/Tools/apache-ant-1.9.2/bin
LD_LIBRARY_PATH=/usr/lib/jvm/java-6-oracle/jre/lib/amd64/server:/usr/lib/jvm/java-6-oracle/jre/lib/amd64:/usr/lib/jvm/java-6-oracle/jre/../lib/amd64:/home/farf/Development/Tools/idea-IU-133.696/bin:
SHELL=/bin/bash
DISPLAY=:0

Signal Handlers:
SIGSEGV: [libjvm.so+0x862a30], sa_mask[0]=0x7ffbfeff, sa_flags=0x10000004
SIGBUS: [libjvm.so+0x862a30], sa_mask[0]=0x7ffbfeff, sa_flags=0x10000004
SIGFPE: [libjvm.so+0x7106f0], sa_mask[0]=0x7ffbfeff, sa_flags=0x10000004
SIGPIPE: [libjvm.so+0x7106f0], sa_mask[0]=0x7ffbfeff, sa_flags=0x10000004
SIGXFSZ: [libjvm.so+0x7106f0], sa_mask[0]=0x7ffbfeff, sa_flags=0x10000004
SIGILL: [libjvm.so+0x7106f0], sa_mask[0]=0x7ffbfeff, sa_flags=0x10000004
SIGUSR1: SIG_DFL, sa_mask[0]=0x00000000, sa_flags=0x00000000
SIGUSR2: [libjvm.so+0x713520], sa_mask[0]=0x00000004, sa_flags=0x10000004
SIGHUP: [libjvm.so+0x713120], sa_mask[0]=0x7ffbfeff, sa_flags=0x10000004
SIGINT: [libjvm.so+0x713120], sa_mask[0]=0x7ffbfeff, sa_flags=0x10000004
SIGTERM: [libjvm.so+0x713120], sa_mask[0]=0x7ffbfeff, sa_flags=0x10000004
SIGQUIT: [libjvm.so+0x713120], sa_mask[0]=0x7ffbfeff, sa_flags=0x10000004


---------------  S Y S T E M  ---------------

OS:wheezy/sid

uname:Linux 3.8.0-31-generic #46-Ubuntu SMP Tue Sep 10 20:03:44 UTC 2013 x86_64
libc:glibc 2.17 NPTL 2.17 
rlimit: STACK 8192k, CORE 0k, NPROC 127158, NOFILE 4096, AS infinity
load average:6.02 2.83 1.59

/proc/meminfo:
MemTotal:       16345368 kB
MemFree:          870112 kB
Buffers:           98072 kB
Cached:          9819940 kB
SwapCached:            0 kB
Active:          8017652 kB
Inactive:        7010332 kB
Active(anon):    5948316 kB
Inactive(anon):  5181328 kB
Active(file):    2069336 kB
Inactive(file):  1829004 kB
Unevictable:          48 kB
Mlocked:              48 kB
SwapTotal:      29536252 kB
SwapFree:       29470220 kB
Dirty:             74004 kB
Writeback:             0 kB
AnonPages:       5109712 kB
Mapped:          5843572 kB
Shmem:           6019764 kB
Slab:             208664 kB
SReclaimable:     164856 kB
SUnreclaim:        43808 kB
KernelStack:        6992 kB
PageTables:        66168 kB
NFS_Unstable:          0 kB
Bounce:                0 kB
WritebackTmp:          0 kB
CommitLimit:    37708936 kB
Committed_AS:   16430192 kB
VmallocTotal:   34359738367 kB
VmallocUsed:      473700 kB
VmallocChunk:   34359252568 kB
HardwareCorrupted:     0 kB
AnonHugePages:         0 kB
HugePages_Total:       0
HugePages_Free:        0
HugePages_Rsvd:        0
HugePages_Surp:        0
Hugepagesize:       2048 kB
DirectMap4k:      104080 kB
DirectMap2M:    16664576 kB


CPU:total 4 (2 cores per cpu, 2 threads per core) family 6 model 42 stepping 7, cmov, cx8, fxsr, mmx, sse, sse2, sse3, ssse3, sse4.1, sse4.2, popcnt, ht

/proc/cpuinfo:
processor	: 0
vendor_id	: GenuineIntel
cpu family	: 6
model		: 42
model name	: Intel(R) Core(TM) i5-2435M CPU @ 2.40GHz
stepping	: 7
microcode	: 0x1a
cpu MHz		: 2400.000
cache size	: 3072 KB
physical id	: 0
siblings	: 4
core id		: 0
cpu cores	: 2
apicid		: 0
initial apicid	: 0
fpu		: yes
fpu_exception	: yes
cpuid level	: 13
wp		: yes
flags		: fpu vme de pse tsc msr pae mce cx8 apic sep mtrr pge mca cmov pat pse36 clflush dts acpi mmx fxsr sse sse2 ss ht tm pbe syscall nx rdtscp lm constant_tsc arch_perfmon pebs bts rep_good nopl xtopology nonstop_tsc aperfmperf eagerfpu pni pclmulqdq dtes64 monitor ds_cpl vmx est tm2 ssse3 cx16 xtpr pdcm pcid sse4_1 sse4_2 x2apic popcnt tsc_deadline_timer aes xsave avx lahf_lm ida arat xsaveopt pln pts dtherm tpr_shadow vnmi flexpriority ept vpid
bogomips	: 4789.33
clflush size	: 64
cache_alignment	: 64
address sizes	: 36 bits physical, 48 bits virtual
power management:

processor	: 1
vendor_id	: GenuineIntel
cpu family	: 6
model		: 42
model name	: Intel(R) Core(TM) i5-2435M CPU @ 2.40GHz
stepping	: 7
microcode	: 0x1a
cpu MHz		: 2401.000
cache size	: 3072 KB
physical id	: 0
siblings	: 4
core id		: 1
cpu cores	: 2
apicid		: 2
initial apicid	: 2
fpu		: yes
fpu_exception	: yes
cpuid level	: 13
wp		: yes
flags		: fpu vme de pse tsc msr pae mce cx8 apic sep mtrr pge mca cmov pat pse36 clflush dts acpi mmx fxsr sse sse2 ss ht tm pbe syscall nx rdtscp lm constant_tsc arch_perfmon pebs bts rep_good nopl xtopology nonstop_tsc aperfmperf eagerfpu pni pclmulqdq dtes64 monitor ds_cpl vmx est tm2 ssse3 cx16 xtpr pdcm pcid sse4_1 sse4_2 x2apic popcnt tsc_deadline_timer aes xsave avx lahf_lm ida arat xsaveopt pln pts dtherm tpr_shadow vnmi flexpriority ept vpid
bogomips	: 4789.33
clflush size	: 64
cache_alignment	: 64
address sizes	: 36 bits physical, 48 bits virtual
power management:

processor	: 2
vendor_id	: GenuineIntel
cpu family	: 6
model		: 42
model name	: Intel(R) Core(TM) i5-2435M CPU @ 2.40GHz
stepping	: 7
microcode	: 0x1a
cpu MHz		: 2401.000
cache size	: 3072 KB
physical id	: 0
siblings	: 4
core id		: 0
cpu cores	: 2
apicid		: 1
initial apicid	: 1
fpu		: yes
fpu_exception	: yes
cpuid level	: 13
wp		: yes
flags		: fpu vme de pse tsc msr pae mce cx8 apic sep mtrr pge mca cmov pat pse36 clflush dts acpi mmx fxsr sse sse2 ss ht tm pbe syscall nx rdtscp lm constant_tsc arch_perfmon pebs bts rep_good nopl xtopology nonstop_tsc aperfmperf eagerfpu pni pclmulqdq dtes64 monitor ds_cpl vmx est tm2 ssse3 cx16 xtpr pdcm pcid sse4_1 sse4_2 x2apic popcnt tsc_deadline_timer aes xsave avx lahf_lm ida arat xsaveopt pln pts dtherm tpr_shadow vnmi flexpriority ept vpid
bogomips	: 4789.33
clflush size	: 64
cache_alignment	: 64
address sizes	: 36 bits physical, 48 bits virtual
power management:

processor	: 3
vendor_id	: GenuineIntel
cpu family	: 6
model		: 42
model name	: Intel(R) Core(TM) i5-2435M CPU @ 2.40GHz
stepping	: 7
microcode	: 0x1a
cpu MHz		: 2401.000
cache size	: 3072 KB
physical id	: 0
siblings	: 4
core id		: 1
cpu cores	: 2
apicid		: 3
initial apicid	: 3
fpu		: yes
fpu_exception	: yes
cpuid level	: 13
wp		: yes
flags		: fpu vme de pse tsc msr pae mce cx8 apic sep mtrr pge mca cmov pat pse36 clflush dts acpi mmx fxsr sse sse2 ss ht tm pbe syscall nx rdtscp lm constant_tsc arch_perfmon pebs bts rep_good nopl xtopology nonstop_tsc aperfmperf eagerfpu pni pclmulqdq dtes64 monitor ds_cpl vmx est tm2 ssse3 cx16 xtpr pdcm pcid sse4_1 sse4_2 x2apic popcnt tsc_deadline_timer aes xsave avx lahf_lm ida arat xsaveopt pln pts dtherm tpr_shadow vnmi flexpriority ept vpid
bogomips	: 4789.33
clflush size	: 64
cache_alignment	: 64
address sizes	: 36 bits physical, 48 bits virtual
power management:



Memory: 4k page, physical 16345368k(870112k free), swap 29536252k(29470220k free)

vm_info: Java HotSpot(TM) 64-Bit Server VM (20.45-b01) for linux-amd64 JRE (1.6.0_45-b06), built on Mar 26 2013 14:07:02 by "java_re" with gcc 3.2.2 (SuSE Linux)

time: Tue Mar 24 14:09:45 2015
elapsed time: 112 seconds

